<HTML>
<HEAD>
<!-- This HTML file was created with SumItUp, a PASCAL program for Chat
     statistics Copyrighted by Markus Birth <Robo.Cop@gmx.net>
  <TITLE>Auswertung von original.txt</TITLE>
</HEAD>
<BODY TEXT=black BGCOLOR=white LINK=navy VLINK=navy ALINK=yellow>
<FONT SIZE=+4 COLOR=red FACE="Impact,Haettenschweiler,Arial">Auswertung</FONT><BR>
<FONT SIZE=-1 COLOR=#c0c0c0><A HREF="mailto:Robo.Cop@gmx.net">Mail the author</A></FONT>
<P>
Chatter 1: Das Auge
Chatter 2: martina (experte)
Chatter 3: ronald(Experte)
Chatter 4: Jojo
Chatter 5: work3@Cafe Mainz
Chatter 6: Kiki
Chatter 7: Superman
Chatter 8: Robi
Chatter 9: terranetcafe
Chatter 10: J&uuml;rgen
Chatter 11: philipp
Chatter 12: Beate
Chatter 13: mr. croley
Chatter 14: Ralph In@Caf&eacute;
Chatter 15: hobbes
Chatter 16: Frank
Chatter 17: Ric
Chatter 18: Tammo
Chatter 19: S&ouml;ren
Chatter 20: semikolon
Chatter 21: FReaKER
Chatter 22: Kent
Chatter 23: duke
Chatter 24: Lorchi (Experte)
Chatter 25: mr. crowley
Chatter 26: send to Moderator: B
Chatter 27: Smoky
Chatter 28: Kai
Chatter 29: arschbacke
Chatter 30: Taal
Chatter 31: Spiky
Chatter 32: Ralph In@Caf&eacute;
Chatter 33: Thorsten
Chatter 34: Ralph
Chatter 35: Andreas M
Chatter 36: Walter M.
Chatter 37: send to Moderator: B
Chatter 38: &ouml;koforce
Chatter 39: Gabilein
Chatter 40: Felitsche
Chatter 41: charly
Chatter 42: meter
Chatter 43: Elroy
Chatter 44: Klaas aus Mainz
Chatter 45: send to Moderator: D
Chatter 46: Peter
Chatter 47: TL
Chatter 48: girl15
Chatter 49: LonelyOne
Chatter 50: pepe
Chatter 51: send to Moderator: B
Chatter 52: DaKilla
Chatter 53: TiPPeR
Chatter 54: Andreas
Chatter 55: link
Chatter 56: penelope
Chatter 57: send to Moderator: B
Chatter 58: Phantom
Chatter 59: Teufel
Chatter 60: Lancelot
Chatter 61: rollsplitt
Chatter 62: J&uuml;rgen S
Chatter 63: send to Moderator: T
Chatter 64: send to Moderator: B
Chatter 65: Don Dan
Chatter 66: Anna
Chatter 67: hansj&ouml;rg
Chatter 68: mirj
Chatter 69: Nicht&uuml;bertreibe
Chatter 70: TimSEbonn
Chatter 71: overflyer
Chatter 72: Monty
Chatter 73: Volker
Chatter 74: Michael S
Chatter 75: Nicht&uuml;bertreibe
Chatter 76: send to Moderator: R
Chatter 77: Franz
Chatter 78: send to Moderator: T
Chatter 79: Nicht&uuml;bertreibe
Chatter 80: send to Moderator: T
Chatter 81: Woopy
Chatter 82: T&ouml;rdie
Chatter 83: Uli
Chatter 84: marcel
Chatter 85: carlotta
Chatter 86: Dragon
Chatter 87: Steffen
Chatter 88: ThaRoon
Chatter 89: Tom
Chatter 90: eniac
Chatter 91: Footix
Chatter 92: Duke
Chatter 93: Adi
Chatter 94: ich
Chatter 95: ari
Chatter 96: Gekko
Chatter 97: Pitty
Chatter 98: J&uuml;rgen S
Chatter 99: Anne-Sophie
Chatter 100: pepsi
Chatter 101: J&uuml;rgen S
Chatter 102: GUIGOU
Chatter 103: Hax
</BODY>
</HTML>
