-=ðþ RoboCop's Gravitation þð=-

Log vom: 16.3.1998 / 9:43.9,90

Initialh”he          : 1000000.00000 m
Gravitationskonstante:  6.7E-0011 m^3*kg^-1*s^-2
Masse K”rper 1       : 1 kg
Masse K”rper 2       :  7.4E+0022 kg
Radius K”rper 2      : 1738000 m
Schrittweite         : 20 s
Genauigkeit          : 0.00010 s
Anfang               : 0 s
Ende                 : 1200 s

     Zeit       ---      H”he
########.#####  --- ########.#####
      20.00010s ---   999869.14487m
      40.00020s ---   999476.42930m
      60.00030s ---   998821.40197m
      80.00030s ---   997903.31339m
     100.00030s ---   996721.09900m
     120.00030s ---   995273.38423m
     140.00030s ---   993558.47481m
     160.00030s ---   991574.34799m
     180.00030s ---   989318.64189m
     200.00030s ---   986788.64287m
     220.00030s ---   983981.27079m
     240.00030s ---   980893.06198m
     260.00030s ---   977520.14959m
     280.00040s ---   973858.22214m
     300.00050s ---   969902.55212m
     320.00060s ---   965647.91573m
     340.00070s ---   961088.57601m
     360.00080s ---   956218.24549m
     380.00090s ---   951030.04370m
     400.00100s ---   945516.44900m
     420.00110s ---   939669.24377m
     440.00120s ---   933479.45189m
     460.00130s ---   926937.26752m
     480.00140s ---   920031.97344m
     500.00150s ---   912751.84731m
     520.00160s ---   905084.05379m
     540.00170s ---   897014.51968m
     560.00180s ---   888527.78904m
     580.00190s ---   879606.85415m
     600.00200s ---   870232.95741m
     620.00210s ---   860385.35794m
     640.00220s ---   850041.05484m
     660.00230s ---   839174.45704m
     680.00240s ---   827756.98675m
     700.00250s ---   815756.59932m
     720.00260s ---   803137.19715m
     740.00270s ---   789857.90761m
     760.00280s ---   775872.18446m
     780.00290s ---   761126.67690m
     800.00300s ---   745559.78856m
     820.00310s ---   729099.81558m
     840.00320s ---   711662.50319m
     860.00330s ---   693147.78194m
     880.00340s ---   673435.31940m
     900.00350s ---   652378.31521m
     920.00360s ---   629794.60818m
     940.00370s ---   605453.51800m
     960.00380s ---   579055.61594m
     980.00390s ---   550200.13543m
    1000.00400s ---   518329.30345m
    1020.00410s ---   482625.76914m
    1040.00420s ---   441803.28351m
    1060.00430s ---   393611.94057m
    1080.00440s ---   333359.35994m
    1100.00450s ---   246824.13935m
    1120.00460s ---    61331.81844m
    1140.00470s ---   -55209.82198m
    1160.00480s ---   535105.10044m
    1180.00490s --- -2440783.59073m
    1200.00500s --- -6272963.42890m
Endzeit: 1201.00010 s
Endh”he: 705716.27092 m

Mindestwert bei 1152.68540 s mit 0.96213 m.

### Beendet: 16.3.1998 / 9:44.17,40


-=ðþ RoboCop's Gravitation þð=-

Log vom: 1.10.1998 / 14:51.49,89

Initialh”he          : 1000000.00000 m
Gravitationskonstante:  6.7E-0011 m^3*kg^-1*s^-2
Masse K”rper 1       : 1 kg
Masse K”rper 2       :  7.4E+0022 kg
Radius K”rper 2      : 1738000 m
Schrittweite         : 20 s
Genauigkeit          : 0.00010 s
Anfang               : 0 s
Ende                 : 1200 s
